# JRE version: OpenJDK Runtime Environment Temurin-21.0.12.1+1 (21.0.12.1+1) (build 21.0.12.1+1-LTS)
# Java VM: OpenJDK 64-Bit Server VM Temurin-21.0.12.1+1 (21.0.12.1+1-LTS, mixed mode, sharing, tiered, compressed oops, compressed class ptrs, parallel gc, windows-amd64)
GC Precious Log:
 CardTable entry size: 512
 CPUs: 12 total, 12 available
 Memory: 8062M
 Large Page Support: Disabled
 NUMA Support: Disabled
 Compressed Oops: Enabled (32-bit)
 Alignments: Space 512K, Generation 512K, Heap 2M
 Heap Min Capacity: 100M
 Heap Initial Capacity: 100M
 Heap Max Capacity: 2G
 Pre-touch: Disabled
 Parallel Workers: 10
Heap:
 PSYoungGen      total 16384K, used 15185K [0x00000000d5580000, 0x00000000d6f00000, 0x0000000100000000)
  eden space 10240K, 88% used [0x00000000d5580000,0x00000000d5e55708,0x00000000d5f80000)
  from space 6144K, 99% used [0x00000000d5f80000,0x00000000d657ee90,0x00000000d6580000)
  to   space 7680K, 0% used [0x00000000d6780000,0x00000000d6780000,0x00000000d6f00000)
 ParOldGen       total 1398272K, used 136137K [0x0000000080000000, 0x00000000d5580000, 0x00000000d5580000)
  object space 1398272K, 9% used [0x0000000080000000,0x00000000884f2740,0x00000000d5580000)
 Metaspace       used 98466K, committed 100544K, reserved 1179648K
  class space    used 11682K, committed 12736K, reserved 1048576K
GC Heap History (20 events):
Event: 1082.554 GC heap before
{Heap before GC invocations=3293 (full 6):
 PSYoungGen      total 10752K, used 10582K [0x00000000d5580000, 0x00000000d6180000, 0x0000000100000000)
  eden space 9728K, 100% used [0x00000000d5580000,0x00000000d5f00000,0x00000000d5f00000)
  from space 1024K, 83% used [0x00000000d5f00000,0x00000000d5fd5808,0x00000000d6000000)
  to   space 1024K, 0% used [0x00000000d6080000,0x00000000d6080000,0x00000000d6180000)
 ParOldGen       total 1398272K, used 131120K [0x0000000080000000, 0x00000000d5580000, 0x00000000d5580000)
  object space 1398272K, 9% used [0x0000000080000000,0x000000008800c3a8,0x00000000d5580000)
 Metaspace       used 98155K, committed 100288K, reserved 1179648K
  class space    used 11681K, committed 12736K, reserved 1048576K
}
Event: 1082.558 GC heap after
{Heap after GC invocations=3293 (full 6):
 PSYoungGen      total 11264K, used 790K [0x00000000d5580000, 0x00000000d6180000, 0x0000000100000000)
  eden space 10240K, 0% used [0x00000000d5580000,0x00000000d5580000,0x00000000d5f80000)
  from space 1024K, 77% used [0x00000000d6080000,0x00000000d6145808,0x00000000d6180000)
  to   space 1024K, 0% used [0x00000000d5f80000,0x00000000d5f80000,0x00000000d6080000)
 ParOldGen       total 1398272K, used 131120K [0x0000000080000000, 0x00000000d5580000, 0x00000000d5580000)
  object space 1398272K, 9% used [0x0000000080000000,0x000000008800c3a8,0x00000000d5580000)
 Metaspace       used 98155K, committed 100288K, reserved 1179648K
  class space    used 11681K, committed 12736K, reserved 1048576K
}
Event: 1082.800 GC heap before
{Heap before GC invocations=3294 (full 6):
 PSYoungGen      total 11264K, used 11030K [0x00000000d5580000, 0x00000000d6180000, 0x0000000100000000)
  eden space 10240K, 100% used [0x00000000d5580000,0x00000000d5f80000,0x00000000d5f80000)
  from space 1024K, 77% used [0x00000000d6080000,0x00000000d6145808,0x00000000d6180000)
  to   space 1024K, 0% used [0x00000000d5f80000,0x00000000d5f80000,0x00000000d6080000)
 ParOldGen       total 1398272K, used 131120K [0x0000000080000000, 0x00000000d5580000, 0x00000000d5580000)
  object space 1398272K, 9% used [0x0000000080000000,0x000000008800c3a8,0x00000000d5580000)
 Metaspace       used 98168K, committed 100288K, reserved 1179648K
  class space    used 11681K, committed 12736K, reserved 1048576K
}
Event: 1082.802 GC heap after
{Heap after GC invocations=3294 (full 6):
 PSYoungGen      total 11264K, used 854K [0x00000000d5580000, 0x00000000d6200000, 0x0000000100000000)
  eden space 10240K, 0% used [0x00000000d5580000,0x00000000d5580000,0x00000000d5f80000)
  from space 1024K, 83% used [0x00000000d5f80000,0x00000000d6055808,0x00000000d6080000)
  to   space 1024K, 0% used [0x00000000d6100000,0x00000000d6100000,0x00000000d6200000)
 ParOldGen       total 1398272K, used 131120K [0x0000000080000000, 0x00000000d5580000, 0x00000000d5580000)
  object space 1398272K, 9% used [0x0000000080000000,0x000000008800c3a8,0x00000000d5580000)
 Metaspace       used 98168K, committed 100288K, reserved 1179648K
  class space    used 11681K, committed 12736K, reserved 1048576K
}
Event: 1083.011 GC heap before
{Heap before GC invocations=3295 (full 6):
 PSYoungGen      total 11264K, used 11091K [0x00000000d5580000, 0x00000000d6200000, 0x0000000100000000)
  eden space 10240K, 99% used [0x00000000d5580000,0x00000000d5f7f5b8,0x00000000d5f80000)
  from space 1024K, 83% used [0x00000000d5f80000,0x00000000d6055808,0x00000000d6080000)
  to   space 1024K, 0% used [0x00000000d6100000,0x00000000d6100000,0x00000000d6200000)
 ParOldGen       total 1398272K, used 131120K [0x0000000080000000, 0x00000000d5580000, 0x00000000d5580000)
  object space 1398272K, 9% used [0x0000000080000000,0x000000008800c3a8,0x00000000d5580000)
 Metaspace       used 98174K, committed 100288K, reserved 1179648K
  class space    used 11681K, committed 12736K, reserved 1048576K
}
Event: 1083.016 GC heap after
{Heap after GC invocations=3295 (full 6):
 PSYoungGen      total 11264K, used 1014K [0x00000000d5580000, 0x00000000d6300000, 0x0000000100000000)
  eden space 10240K, 0% used [0x00000000d5580000,0x00000000d5580000,0x00000000d5f80000)
  from space 1024K, 99% used [0x00000000d6100000,0x00000000d61fd828,0x00000000d6200000)
  to   space 1536K, 0% used [0x00000000d5f80000,0x00000000d5f80000,0x00000000d6100000)
 ParOldGen       total 1398272K, used 131540K [0x0000000080000000, 0x00000000d5580000, 0x00000000d5580000)
  object space 1398272K, 9% used [0x0000000080000000,0x0000000088075210,0x00000000d5580000)
 Metaspace       used 98174K, committed 100288K, reserved 1179648K
  class space    used 11681K, committed 12736K, reserved 1048576K
}
Event: 1083.173 GC heap before
{Heap before GC invocations=3296 (full 6):
 PSYoungGen      total 11264K, used 11254K [0x00000000d5580000, 0x00000000d6300000, 0x0000000100000000)
  eden space 10240K, 100% used [0x00000000d5580000,0x00000000d5f80000,0x00000000d5f80000)
  from space 1024K, 99% used [0x00000000d6100000,0x00000000d61fd828,0x00000000d6200000)
  to   space 1536K, 0% used [0x00000000d5f80000,0x00000000d5f80000,0x00000000d6100000)
 ParOldGen       total 1398272K, used 131540K [0x0000000080000000, 0x00000000d5580000, 0x00000000d5580000)
  object space 1398272K, 9% used [0x0000000080000000,0x0000000088075210,0x00000000d5580000)
 Metaspace       used 98201K, committed 100288K, reserved 1179648K
  class space    used 11681K, committed 12736K, reserved 1048576K
}
Event: 1083.178 GC heap after
{Heap after GC invocations=3296 (full 6):
 PSYoungGen      total 11776K, used 1515K [0x00000000d5580000, 0x00000000d6700000, 0x0000000100000000)
  eden space 10240K, 0% used [0x00000000d5580000,0x00000000d5580000,0x00000000d5f80000)
  from space 1536K, 98% used [0x00000000d5f80000,0x00000000d60fae80,0x00000000d6100000)
  to   space 3584K, 0% used [0x00000000d6380000,0x00000000d6380000,0x00000000d6700000)
 ParOldGen       total 1398272K, used 133137K [0x0000000080000000, 0x00000000d5580000, 0x00000000d5580000)
  object space 1398272K, 9% used [0x0000000080000000,0x00000000882047c0,0x00000000d5580000)
 Metaspace       used 98201K, committed 100288K, reserved 1179648K
  class space    used 11681K, committed 12736K, reserved 1048576K
}
Event: 1083.486 GC heap before
{Heap before GC invocations=3297 (full 6):
 PSYoungGen      total 11776K, used 11755K [0x00000000d5580000, 0x00000000d6700000, 0x0000000100000000)
  eden space 10240K, 100% used [0x00000000d5580000,0x00000000d5f80000,0x00000000d5f80000)
  from space 1536K, 98% used [0x00000000d5f80000,0x00000000d60fae80,0x00000000d6100000)
  to   space 3584K, 0% used [0x00000000d6380000,0x00000000d6380000,0x00000000d6700000)
 ParOldGen       total 1398272K, used 133137K [0x0000000080000000, 0x00000000d5580000, 0x00000000d5580000)
  object space 1398272K, 9% used [0x0000000080000000,0x00000000882047c0,0x00000000d5580000)
 Metaspace       used 98221K, committed 100288K, reserved 1179648K
  class space    used 11681K, committed 12736K, reserved 1048576K
}
Event: 1083.490 GC heap after
{Heap after GC invocations=3297 (full 6):
 PSYoungGen      total 12800K, used 1771K [0x00000000d5580000, 0x00000000d6580000, 0x0000000100000000)
  eden space 10752K, 0% used [0x00000000d5580000,0x00000000d5580000,0x00000000d6000000)
  from space 2048K, 86% used [0x00000000d6380000,0x00000000d653ae80,0x00000000d6580000)
  to   space 2560K, 0% used [0x00000000d6080000,0x00000000d6080000,0x00000000d6300000)
 ParOldGen       total 1398272K, used 133241K [0x0000000080000000, 0x00000000d5580000, 0x00000000d5580000)
  object space 1398272K, 9% used [0x0000000080000000,0x000000008821e7c0,0x00000000d5580000)
 Metaspace       used 98221K, committed 100288K, reserved 1179648K
  class space    used 11681K, committed 12736K, reserved 1048576K
}
Event: 1083.674 GC heap before
{Heap before GC invocations=3298 (full 6):
 PSYoungGen      total 12800K, used 12523K [0x00000000d5580000, 0x00000000d6580000, 0x0000000100000000)
  eden space 10752K, 100% used [0x00000000d5580000,0x00000000d6000000,0x00000000d6000000)
  from space 2048K, 86% used [0x00000000d6380000,0x00000000d653ae80,0x00000000d6580000)
  to   space 2560K, 0% used [0x00000000d6080000,0x00000000d6080000,0x00000000d6300000)
 ParOldGen       total 1398272K, used 133241K [0x0000000080000000, 0x00000000d5580000, 0x00000000d5580000)
  object space 1398272K, 9% used [0x0000000080000000,0x000000008821e7c0,0x00000000d5580000)
 Metaspace       used 98278K, committed 100352K, reserved 1179648K
  class space    used 11681K, committed 12736K, reserved 1048576K
}
Event: 1083.678 GC heap after
{Heap after GC invocations=3298 (full 6):
 PSYoungGen      total 13824K, used 2551K [0x00000000d5580000, 0x00000000d6780000, 0x0000000100000000)
  eden space 11264K, 0% used [0x00000000d5580000,0x00000000d5580000,0x00000000d6080000)
  from space 2560K, 99% used [0x00000000d6080000,0x00000000d62fdd00,0x00000000d6300000)
  to   space 3584K, 0% used [0x00000000d6400000,0x00000000d6400000,0x00000000d6780000)
 ParOldGen       total 1398272K, used 133855K [0x0000000080000000, 0x00000000d5580000, 0x00000000d5580000)
  object space 1398272K, 9% used [0x0000000080000000,0x00000000882b7dc8,0x00000000d5580000)
 Metaspace       used 98278K, committed 100352K, reserved 1179648K
  class space    used 11681K, committed 12736K, reserved 1048576K
}
Event: 1083.776 GC heap before
{Heap before GC invocations=3299 (full 6):
 PSYoungGen      total 13824K, used 13815K [0x00000000d5580000, 0x00000000d6780000, 0x0000000100000000)
  eden space 11264K, 100% used [0x00000000d5580000,0x00000000d6080000,0x00000000d6080000)
  from space 2560K, 99% used [0x00000000d6080000,0x00000000d62fdd00,0x00000000d6300000)
  to   space 3584K, 0% used [0x00000000d6400000,0x00000000d6400000,0x00000000d6780000)
 ParOldGen       total 1398272K, used 133855K [0x0000000080000000, 0x00000000d5580000, 0x00000000d5580000)
  object space 1398272K, 9% used [0x0000000080000000,0x00000000882b7dc8,0x00000000d5580000)
 Metaspace       used 98293K, committed 100352K, reserved 1179648K
  class space    used 11681K, committed 12736K, reserved 1048576K
}
Event: 1083.783 GC heap after
{Heap after GC invocations=3299 (full 6):
 PSYoungGen      total 13824K, used 3575K [0x00000000d5580000, 0x00000000d6a00000, 0x0000000100000000)
  eden space 10240K, 0% used [0x00000000d5580000,0x00000000d5580000,0x00000000d5f80000)
  from space 3584K, 99% used [0x00000000d6400000,0x00000000d677dd00,0x00000000d6780000)
  to   space 4608K, 0% used [0x00000000d5f80000,0x00000000d5f80000,0x00000000d6400000)
 ParOldGen       total 1398272K, used 134452K [0x0000000080000000, 0x00000000d5580000, 0x00000000d5580000)
  object space 1398272K, 9% used [0x0000000080000000,0x000000008834d230,0x00000000d5580000)
 Metaspace       used 98293K, committed 100352K, reserved 1179648K
  class space    used 11681K, committed 12736K, reserved 1048576K
}
Event: 1083.842 GC heap before
{Heap before GC invocations=3300 (full 6):
 PSYoungGen      total 13824K, used 13815K [0x00000000d5580000, 0x00000000d6a00000, 0x0000000100000000)
  eden space 10240K, 100% used [0x00000000d5580000,0x00000000d5f80000,0x00000000d5f80000)
  from space 3584K, 99% used [0x00000000d6400000,0x00000000d677dd00,0x00000000d6780000)
  to   space 4608K, 0% used [0x00000000d5f80000,0x00000000d5f80000,0x00000000d6400000)
 ParOldGen       total 1398272K, used 134452K [0x0000000080000000, 0x00000000d5580000, 0x00000000d5580000)
  object space 1398272K, 9% used [0x0000000080000000,0x000000008834d230,0x00000000d5580000)
 Metaspace       used 98326K, committed 100416K, reserved 1179648K
  class space    used 11681K, committed 12736K, reserved 1048576K
}
Event: 1083.848 GC heap after
{Heap after GC invocations=3300 (full 6):
 PSYoungGen      total 14848K, used 4587K [0x00000000d5580000, 0x00000000d6b00000, 0x0000000100000000)
  eden space 10240K, 0% used [0x00000000d5580000,0x00000000d5580000,0x00000000d5f80000)
  from space 4608K, 99% used [0x00000000d5f80000,0x00000000d63fae80,0x00000000d6400000)
  to   space 5632K, 0% used [0x00000000d6580000,0x00000000d6580000,0x00000000d6b00000)
 ParOldGen       total 1398272K, used 135018K [0x0000000080000000, 0x00000000d5580000, 0x00000000d5580000)
  object space 1398272K, 9% used [0x0000000080000000,0x00000000883da9d0,0x00000000d5580000)
 Metaspace       used 98326K, committed 100416K, reserved 1179648K
  class space    used 11681K, committed 12736K, reserved 1048576K
}
Event: 1083.970 GC heap before
{Heap before GC invocations=3301 (full 6):
 PSYoungGen      total 14848K, used 14827K [0x00000000d5580000, 0x00000000d6b00000, 0x0000000100000000)
  eden space 10240K, 100% used [0x00000000d5580000,0x00000000d5f80000,0x00000000d5f80000)
  from space 4608K, 99% used [0x00000000d5f80000,0x00000000d63fae80,0x00000000d6400000)
  to   space 5632K, 0% used [0x00000000d6580000,0x00000000d6580000,0x00000000d6b00000)
 ParOldGen       total 1398272K, used 135018K [0x0000000080000000, 0x00000000d5580000, 0x00000000d5580000)
  object space 1398272K, 9% used [0x0000000080000000,0x00000000883da9d0,0x00000000d5580000)
 Metaspace       used 98328K, committed 100416K, reserved 1179648K
  class space    used 11681K, committed 12736K, reserved 1048576K
}
Event: 1083.976 GC heap after
{Heap after GC invocations=3301 (full 6):
 PSYoungGen      total 15872K, used 5627K [0x00000000d5580000, 0x00000000d6c00000, 0x0000000100000000)
  eden space 10240K, 0% used [0x00000000d5580000,0x00000000d5580000,0x00000000d5f80000)
  from space 5632K, 99% used [0x00000000d6580000,0x00000000d6afeeb0,0x00000000d6b00000)
  to   space 6144K, 0% used [0x00000000d5f80000,0x00000000d5f80000,0x00000000d6580000)
 ParOldGen       total 1398272K, used 135201K [0x0000000080000000, 0x00000000d5580000, 0x00000000d5580000)
  object space 1398272K, 9% used [0x0000000080000000,0x00000000884086d0,0x00000000d5580000)
 Metaspace       used 98328K, committed 100416K, reserved 1179648K
  class space    used 11681K, committed 12736K, reserved 1048576K
}
Event: 1084.322 GC heap before
{Heap before GC invocations=3302 (full 6):
 PSYoungGen      total 15872K, used 15867K [0x00000000d5580000, 0x00000000d6c00000, 0x0000000100000000)
  eden space 10240K, 100% used [0x00000000d5580000,0x00000000d5f80000,0x00000000d5f80000)
  from space 5632K, 99% used [0x00000000d6580000,0x00000000d6afeeb0,0x00000000d6b00000)
  to   space 6144K, 0% used [0x00000000d5f80000,0x00000000d5f80000,0x00000000d6580000)
 ParOldGen       total 1398272K, used 135201K [0x0000000080000000, 0x00000000d5580000, 0x00000000d5580000)
  object space 1398272K, 9% used [0x0000000080000000,0x00000000884086d0,0x00000000d5580000)
 Metaspace       used 98386K, committed 100480K, reserved 1179648K
  class space    used 11681K, committed 12736K, reserved 1048576K
}
Event: 1084.328 GC heap after
{Heap after GC invocations=3302 (full 6):
 PSYoungGen      total 16384K, used 6139K [0x00000000d5580000, 0x00000000d6f00000, 0x0000000100000000)
  eden space 10240K, 0% used [0x00000000d5580000,0x00000000d5580000,0x00000000d5f80000)
  from space 6144K, 99% used [0x00000000d5f80000,0x00000000d657ee90,0x00000000d6580000)
  to   space 7680K, 0% used [0x00000000d6780000,0x00000000d6780000,0x00000000d6f00000)
 ParOldGen       total 1398272K, used 136137K [0x0000000080000000, 0x00000000d5580000, 0x00000000d5580000)
  object space 1398272K, 9% used [0x0000000080000000,0x00000000884f2740,0x00000000d5580000)
 Metaspace       used 98386K, committed 100480K, reserved 1179648K
  class space    used 11681K, committed 12736K, reserved 1048576K
}

